0 + 282.843 = 282.843
282.843 + 200 = 482.843
482.843 + 200 = 682.843
682.843 + 200 = 882.843
882.843 + 500 = 1382.84
1382.84 + 200 = 1582.84
1582.84 + 200 = 1782.84
1782.84 + 250 = 2032.84
2032.84 + 200 = 2232.84
2232.84 + 200 = 2432.84
2432.84 + 585.235 = 3018.08
3018.08 + 282.843 = 3300.92
3300.92 + 200 = 3500.92
3500.92 + 200 = 3700.92
3700.92 + 282.843 = 3983.76
3983.76 + 200 = 4183.76
4183.76 + 600 = 4783.76
4783.76 + 200 = 4983.76
4983.76 + 200 = 5183.76
5183.76 + 200 = 5383.76
5383.76 + 200 = 5583.76
5583.76 + 282.843 = 5866.61
5866.61 + 632.456 = 6499.06
6499.06 + 400 = 6899.06
6899.06 + 200 = 7099.06
7099.06 + 200 = 7299.06
7299.06 + 200 = 7499.06
7499.06 + 200 = 7699.06
7699.06 + 728.011 = 8427.07
8427.07 + 400 = 8827.07
8827.07 + 200 = 9027.07
9027.07 + 200 = 9227.07
9227.07 + 200 = 9427.07
9427.07 + 200 = 9627.07
9627.07 + 728.011 = 10355.1
10355.1 + 282.843 = 10637.9
10637.9 + 200 = 10837.9
10837.9 + 200 = 11037.9
11037.9 + 282.843 = 11320.8
11320.8 + 200 = 11520.8
11520.8 + 650 = 12170.8
12170.8 + 200 = 12370.8
12370.8 + 200 = 12570.8
12570.8 + 250 = 12820.8
12820.8 + 200 = 13020.8
13020.8 + 200 = 13220.8
13220.8 + 632.456 = 13853.2
13853.2 + 282.843 = 14136.1
14136.1 + 200 = 14336.1
14336.1 + 200 = 14536.1
14536.1 + 200 = 14736.1
14736.1 + 200 = 14936.1
14936.1 + 7052.84 = 21988.9
21988.9 + 200 = 22188.9
22188.9 + 200 = 22388.9
22388.9 + 282.843 = 22671.7
22671.7 + 400 = 23071.7
23071.7 + 632.456 = 23704.2
23704.2 + 200 = 23904.2
23904.2 + 200 = 24104.2
24104.2 + 250 = 24354.2
24354.2 + 200 = 24554.2
24554.2 + 200 = 24754.2
24754.2 + 650 = 25404.2
25404.2 + 200 = 25604.2
25604.2 + 282.843 = 25887
25887 + 200 = 26087
26087 + 200 = 26287
26287 + 282.843 = 26569.9
26569.9 + 728.011 = 27297.9
27297.9 + 200 = 27497.9
27497.9 + 200 = 27697.9
27697.9 + 282.843 = 27980.7
27980.7 + 200 = 28180.7
28180.7 + 200 = 28380.7
28380.7 + 700 = 29080.7
29080.7 + 200 = 29280.7
29280.7 + 282.843 = 29563.6
29563.6 + 200 = 29763.6
29763.6 + 200 = 29963.6
29963.6 + 282.843 = 30246.4
30246.4 + 632.456 = 30878.9
30878.9 + 200 = 31078.9
31078.9 + 200 = 31278.9
31278.9 + 282.843 = 31561.7
31561.7 + 200 = 31761.7
31761.7 + 200 = 31961.7
31961.7 + 600 = 32561.7
32561.7 + 200 = 32761.7
32761.7 + 282.843 = 33044.6
33044.6 + 200 = 33244.6
33244.6 + 200 = 33444.6
33444.6 + 282.843 = 33727.4
33727.4 + 585.235 = 34312.6
34312.6 + 200 = 34512.6
34512.6 + 200 = 34712.6
34712.6 + 250 = 34962.6
34962.6 + 200 = 35162.6
35162.6 + 200 = 35362.6
35362.6 + 500 = 35862.6
35862.6 + 200 = 36062.6
36062.6 + 282.843 = 36345.5
36345.5 + 282.843 = 36628.3
36628.3 + 200 = 36828.3
36828.3 + 200 = 37028.3
37028.3 + 7052.84 = 44081.2
