0 + 100 = 100
100 + 100 = 200
200 + 100 = 300
300 + 100 = 400
400 + 100 = 500
500 + 100 = 600
600 + 100 = 700
700 + 100 = 800
800 + 100 = 900
900 + 100 = 1000
1000 + 100 = 1100
1100 + 100 = 1200
1200 + 100 = 1300
1300 + 100 = 1400
1400 + 100 = 1500
1500 + 100 = 1600
1600 + 100 = 1700
1700 + 100 = 1800
1800 + 100 = 1900
1900 + 100 = 2000
2000 + 100 = 2100
2100 + 100 = 2200
2200 + 100 = 2300
2300 + 100 = 2400
2400 + 100 = 2500
2500 + 100 = 2600
2600 + 100 = 2700
2700 + 100 = 2800
2800 + 100 = 2900
2900 + 100 = 3000
3000 + 100 = 3100
3100 + 100 = 3200
3200 + 100 = 3300
3300 + 100 = 3400
3400 + 223.607 = 3623.61
3623.61 + 100 = 3723.61
3723.61 + 100 = 3823.61
3823.61 + 100 = 3923.61
3923.61 + 100 = 4023.61
4023.61 + 129 = 4152.61
4152.61 + 163.221 = 4315.83
4315.83 + 100 = 4415.83
4415.83 + 200 = 4615.83
4615.83 + 150 = 4765.83
4765.83 + 111.803 = 4877.63
4877.63 + 100 = 4977.63
4977.63 + 100 = 5077.63
5077.63 + 100 = 5177.63
5177.63 + 100 = 5277.63
5277.63 + 100 = 5377.63
5377.63 + 100 = 5477.63
5477.63 + 100 = 5577.63
5577.63 + 202.092 = 5779.72
5779.72 + 122.642 = 5902.36
5902.36 + 100 = 6002.36
6002.36 + 100 = 6102.36
6102.36 + 100 = 6202.36
6202.36 + 141.421 = 6343.79
6343.79 + 100 = 6443.79
6443.79 + 100 = 6543.79
6543.79 + 100 = 6643.79
6643.79 + 100 = 6743.79
6743.79 + 100 = 6843.79
6843.79 + 100 = 6943.79
6943.79 + 100 = 7043.79
7043.79 + 100 = 7143.79
7143.79 + 100 = 7243.79
7243.79 + 100 = 7343.79
7343.79 + 100 = 7443.79
7443.79 + 100 = 7543.79
7543.79 + 100 = 7643.79
7643.79 + 100 = 7743.79
7743.79 + 100 = 7843.79
7843.79 + 100 = 7943.79
7943.79 + 100 = 8043.79
8043.79 + 100 = 8143.79
8143.79 + 100 = 8243.79
8243.79 + 100 = 8343.79
8343.79 + 100 = 8443.79
8443.79 + 100 = 8543.79
8543.79 + 141.421 = 8685.21
8685.21 + 100 = 8785.21
8785.21 + 100 = 8885.21
8885.21 + 100 = 8985.21
8985.21 + 100 = 9085.21
9085.21 + 100 = 9185.21
9185.21 + 100 = 9285.21
9285.21 + 85.2115 = 9370.42
9370.42 + 85.2115 = 9455.63
9455.63 + 141.421 = 9597.05
9597.05 + 100 = 9697.05
9697.05 + 143.178 = 9840.23
9840.23 + 100 = 9940.23
9940.23 + 143.178 = 10083.4
10083.4 + 100 = 10183.4
10183.4 + 141.421 = 10324.8
10324.8 + 100 = 10424.8
10424.8 + 100 = 10524.8
10524.8 + 100 = 10624.8
10624.8 + 100 = 10724.8
10724.8 + 100 = 10824.8
10824.8 + 130 = 10954.8
10954.8 + 170 = 11124.8
11124.8 + 100 = 11224.8
11224.8 + 100 = 11324.8
11324.8 + 100 = 11424.8
11424.8 + 100 = 11524.8
11524.8 + 100 = 11624.8
11624.8 + 100 = 11724.8
11724.8 + 64.0312 = 11788.9
11788.9 + 78.1025 = 11867
11867 + 80.6226 = 11947.6
11947.6 + 86.0233 = 12033.6
12033.6 + 123.693 = 12157.3
12157.3 + 100 = 12257.3
12257.3 + 141.421 = 12398.7
12398.7 + 100 = 12498.7
12498.7 + 100 = 12598.7
12598.7 + 100 = 12698.7
12698.7 + 100 = 12798.7
12798.7 + 300 = 13098.7
13098.7 + 100 = 13198.7
13198.7 + 100 = 13298.7
13298.7 + 100 = 13398.7
13398.7 + 100 = 13498.7
13498.7 + 141.421 = 13640.1
13640.1 + 70.7107 = 13710.9
13710.9 + 70.7107 = 13781.6
13781.6 + 100 = 13881.6
13881.6 + 100 = 13981.6
13981.6 + 100 = 14081.6
14081.6 + 300.167 = 14381.7
14381.7 + 161.555 = 14543.3
14543.3 + 100 = 14643.3
14643.3 + 335.261 = 14978.5
14978.5 + 104.403 = 15083
15083 + 141.421 = 15224.4
15224.4 + 210 = 15434.4
15434.4 + 141.421 = 15575.8
15575.8 + 100 = 15675.8
15675.8 + 100 = 15775.8
15775.8 + 100 = 15875.8
15875.8 + 100 = 15975.8
15975.8 + 100 = 16075.8
16075.8 + 100 = 16175.8
16175.8 + 100 = 16275.8
16275.8 + 100 = 16375.8
16375.8 + 100 = 16475.8
16475.8 + 100 = 16575.8
16575.8 + 100 = 16675.8
16675.8 + 141.421 = 16817.2
16817.2 + 84.8528 = 16902.1
16902.1 + 152.315 = 17054.4
17054.4 + 100 = 17154.4
17154.4 + 100 = 17254.4
17254.4 + 100 = 17354.4
17354.4 + 100 = 17454.4
17454.4 + 100 = 17554.4
17554.4 + 100 = 17654.4
17654.4 + 100 = 17754.4
17754.4 + 100 = 17854.4
17854.4 + 100 = 17954.4
17954.4 + 100 = 18054.4
18054.4 + 100 = 18154.4
18154.4 + 141.421 = 18295.8
18295.8 + 100 = 18395.8
18395.8 + 100 = 18495.8
18495.8 + 100 = 18595.8
18595.8 + 100 = 18695.8
18695.8 + 100 = 18795.8
18795.8 + 141.421 = 18937.2
18937.2 + 100 = 19037.2
19037.2 + 94.3398 = 19131.6
19131.6 + 94.3398 = 19225.9
19225.9 + 100 = 19325.9
19325.9 + 300 = 19625.9
19625.9 + 100 = 19725.9
19725.9 + 100 = 19825.9
19825.9 + 100 = 19925.9
19925.9 + 100 = 20025.9
20025.9 + 158.114 = 20184
20184 + 158.114 = 20342.1
20342.1 + 100 = 20442.1
20442.1 + 100 = 20542.1
20542.1 + 141.421 = 20683.6
20683.6 + 100 = 20783.6
20783.6 + 100 = 20883.6
20883.6 + 100 = 20983.6
20983.6 + 180.278 = 21163.8
21163.8 + 150 = 21313.8
21313.8 + 100 = 21413.8
21413.8 + 100 = 21513.8
21513.8 + 141.421 = 21655.3
21655.3 + 141.421 = 21796.7
21796.7 + 100 = 21896.7
21896.7 + 150 = 22046.7
22046.7 + 180.278 = 22227
22227 + 70.7107 = 22297.7
22297.7 + 70.7107 = 22368.4
22368.4 + 100 = 22468.4
22468.4 + 100 = 22568.4
22568.4 + 70.7107 = 22639.1
22639.1 + 70.7107 = 22709.8
22709.8 + 100 = 22809.8
22809.8 + 100 = 22909.8
22909.8 + 141.421 = 23051.2
23051.2 + 141.421 = 23192.6
23192.6 + 100 = 23292.6
23292.6 + 100 = 23392.6
23392.6 + 100 = 23492.6
23492.6 + 100 = 23592.6
23592.6 + 100 = 23692.6
23692.6 + 100 = 23792.6
23792.6 + 259.615 = 24052.3
24052.3 + 139.284 = 24191.5
24191.5 + 100 = 24291.5
24291.5 + 100 = 24391.5
24391.5 + 100 = 24491.5
24491.5 + 100 = 24591.5
24591.5 + 164.012 = 24755.5
24755.5 + 104.403 = 24860
24860 + 100 = 24960
24960 + 100 = 25060
25060 + 100 = 25160
25160 + 100 = 25260
25260 + 141.421 = 25401.4
25401.4 + 100 = 25501.4
25501.4 + 100 = 25601.4
25601.4 + 100 = 25701.4
25701.4 + 100 = 25801.4
25801.4 + 100 = 25901.4
25901.4 + 100 = 26001.4
26001.4 + 100 = 26101.4
26101.4 + 200 = 26301.4
26301.4 + 304.795 = 26606.2
26606.2 + 116.619 = 26722.8
26722.8 + 110 = 26832.8
26832.8 + 223.607 = 27056.4
27056.4 + 300 = 27356.4
27356.4 + 180.278 = 27536.7
27536.7 + 76.1577 = 27612.8
27612.8 + 76.1577 = 27689
27689 + 92.1954 = 27781.2
27781.2 + 100 = 27881.2
27881.2 + 100 = 27981.2
27981.2 + 60 = 28041.2
28041.2 + 107.703 = 28148.9
28148.9 + 80 = 28228.9
28228.9 + 120 = 28348.9
28348.9 + 100 = 28448.9
28448.9 + 100 = 28548.9
28548.9 + 100 = 28648.9
28648.9 + 100 = 28748.9
28748.9 + 100 = 28848.9
28848.9 + 100.499 = 28949.4
28949.4 + 90 = 29039.4
29039.4 + 223.607 = 29263
29263 + 100 = 29363
29363 + 186.815 = 29549.8
29549.8 + 116.619 = 29666.4
29666.4 + 130 = 29796.4
29796.4 + 100 = 29896.4
29896.4 + 100 = 29996.4
29996.4 + 158.114 = 30154.5
30154.5 + 70.7107 = 30225.3
30225.3 + 100 = 30325.3
30325.3 + 100 = 30425.3
30425.3 + 300 = 30725.3
30725.3 + 100 = 30825.3
30825.3 + 100 = 30925.3
30925.3 + 100 = 31025.3
31025.3 + 100 = 31125.3
31125.3 + 100 = 31225.3
31225.3 + 100 = 31325.3
31325.3 + 100 = 31425.3
31425.3 + 100 = 31525.3
31525.3 + 100 = 31625.3
31625.3 + 380.789 = 32006
32006 + 105.551 = 32111.6
32111.6 + 162.114 = 32273.7
32273.7 + 100 = 32373.7
32373.7 + 100 = 32473.7
32473.7 + 100 = 32573.7
32573.7 + 100 = 32673.7
32673.7 + 100 = 32773.7
32773.7 + 100 = 32873.7
32873.7 + 100 = 32973.7
32973.7 + 100 = 33073.7
33073.7 + 100 = 33173.7
33173.7 + 205.913 = 33379.6
33379.6 + 101.98 = 33481.6
33481.6 + 100 = 33581.6
33581.6 + 100 = 33681.6
33681.6 + 100 = 33781.6
33781.6 + 100 = 33881.6
33881.6 + 100 = 33981.6
33981.6 + 100 = 34081.6
34081.6 + 100 = 34181.6
34181.6 + 100 = 34281.6
34281.6 + 100 = 34381.6
34381.6 + 85.2115 = 34466.8
34466.8 + 100 = 34566.8
34566.8 + 85.2115 = 34652
34652 + 100 = 34752
34752 + 100 = 34852
34852 + 141.421 = 34993.4
34993.4 + 70.7107 = 35064.2
35064.2 + 50 = 35114.2
35114.2 + 50 = 35164.2
35164.2 + 100 = 35264.2
35264.2 + 223.607 = 35487.8
35487.8 + 100 = 35587.8
35587.8 + 245.522 = 35833.3
35833.3 + 59 = 35892.3
35892.3 + 94.3398 = 35986.6
35986.6 + 100 = 36086.6
36086.6 + 100 = 36186.6
36186.6 + 100 = 36286.6
36286.6 + 100 = 36386.6
36386.6 + 100 = 36486.6
36486.6 + 100 = 36586.6
36586.6 + 100 = 36686.6
36686.6 + 100 = 36786.6
36786.6 + 100 = 36886.6
36886.6 + 100 = 36986.6
36986.6 + 197.841 = 37184.5
37184.5 + 99.7046 = 37284.2
37284.2 + 101.98 = 37386.1
37386.1 + 300 = 37686.1
37686.1 + 100 = 37786.1
37786.1 + 151.327 = 37937.5
37937.5 + 107.703 = 38045.2
38045.2 + 130 = 38175.2
38175.2 + 70.7107 = 38245.9
38245.9 + 70.7107 = 38316.6
38316.6 + 70.7107 = 38387.3
38387.3 + 70.7107 = 38458
38458 + 100 = 38558
38558 + 100 = 38658
38658 + 141.421 = 38799.4
38799.4 + 234.094 = 39033.5
39033.5 + 122.066 = 39155.6
39155.6 + 130 = 39285.6
39285.6 + 171 = 39456.6
39456.6 + 100 = 39556.6
39556.6 + 171 = 39727.6
39727.6 + 100 = 39827.6
39827.6 + 100 = 39927.6
39927.6 + 100 = 40027.6
40027.6 + 100 = 40127.6
40127.6 + 100 = 40227.6
40227.6 + 100 = 40327.6
40327.6 + 200 = 40527.6
40527.6 + 100 = 40627.6
40627.6 + 100 = 40727.6
40727.6 + 100 = 40827.6
40827.6 + 223.607 = 41051.2
41051.2 + 100 = 41151.2
41151.2 + 100 = 41251.2
41251.2 + 100 = 41351.2
41351.2 + 100 = 41451.2
41451.2 + 100 = 41551.2
41551.2 + 212.132 = 41763.3
41763.3 + 316.228 = 42079.6
42079.6 + 70.7107 = 42150.3
42150.3 + 211.896 = 42362.2
42362.2 + 321.591 = 42683.8
42683.8 + 97.5756 = 42781.3
42781.3 + 111.803 = 42893.1
42893.1 + 100 = 42993.1
42993.1 + 120.83 = 43114
43114 + 104.403 = 43218.4
43218.4 + 94.3398 = 43312.7
43312.7 + 100 = 43412.7
43412.7 + 100 = 43512.7
43512.7 + 100 = 43612.7
43612.7 + 141.421 = 43754.1
43754.1 + 200 = 43954.1
43954.1 + 304.795 = 44258.9
44258.9 + 223.607 = 44482.5
44482.5 + 167.631 = 44650.2
44650.2 + 101.98 = 44752.2
44752.2 + 70.7107 = 44822.9
44822.9 + 100 = 44922.9
44922.9 + 100 = 45022.9
45022.9 + 180.278 = 45203.1
45203.1 + 160.312 = 45363.5
45363.5 + 127.279 = 45490.7
45490.7 + 158.114 = 45648.8
45648.8 + 316.228 = 45965.1
45965.1 + 70.7107 = 46035.8
46035.8 + 200 = 46235.8
46235.8 + 141.421 = 46377.2
46377.2 + 104.403 = 46481.6
46481.6 + 211.896 = 46693.5
46693.5 + 100 = 46793.5
46793.5 + 100 = 46893.5
46893.5 + 100 = 46993.5
46993.5 + 100 = 47093.5
47093.5 + 100 = 47193.5
47193.5 + 223.607 = 47417.1
47417.1 + 100 = 47517.1
47517.1 + 100 = 47617.1
47617.1 + 100 = 47717.1
47717.1 + 131 = 47848.1
47848.1 + 164.806 = 48012.9
48012.9 + 100 = 48112.9
48112.9 + 120.83 = 48233.7
48233.7 + 100 = 48333.7
48333.7 + 102.956 = 48436.7
48436.7 + 100 = 48536.7
48536.7 + 100 = 48636.7
48636.7 + 100 = 48736.7
48736.7 + 282.843 = 49019.5
49019.5 + 100 = 49119.5
49119.5 + 192.094 = 49311.6
49311.6 + 151.327 = 49463
49463 + 100 = 49563
49563 + 141.421 = 49704.4
49704.4 + 100 = 49804.4
49804.4 + 100 = 49904.4
49904.4 + 100 = 50004.4
50004.4 + 100 = 50104.4
50104.4 + 122.066 = 50226.5
50226.5 + 70 = 50296.5
50296.5 + 100 = 50396.5
50396.5 + 100 = 50496.5
50496.5 + 90.5539 = 50587
50587 + 160.312 = 50747.3
50747.3 + 150 = 50897.3
50897.3 + 100 = 50997.3
50997.3 + 100 = 51097.3
51097.3 + 100 = 51197.3
51197.3 + 100 = 51297.3
51297.3 + 100 = 51397.3
51397.3 + 100 = 51497.3
51497.3 + 100 = 51597.3
51597.3 + 141.421 = 51738.7
51738.7 + 200 = 51938.7
51938.7 + 100 = 52038.7
52038.7 + 500 = 52538.7
