201: 44301.7
202: 44634.4
203: 44615.7
204: 44436.2
205: 44436.2
206: 44481.2
207: 45146.4
208: 44485.6
209: 44481.2
210: 44699.9
211: 44436.2
212: 44660.6
213: 44624.6
214: 44742.3
215: 44524.8
216: 44620.2
217: 44799.2
218: 44700.7
219: 44481.2
220: 44787.2
221: 44485.6
222: 44520.4
223: 44390.3
224: 44520.4
225: 44385.8
226: 44665.1
227: 44346.2
228: 44705.2
229: 44524.8
230: 44520.4
231: 44615.7
232: 44660.6
233: 44524.8
234: 44385.8
235: 44436.2
236: 44481.2
237: 44615.7
238: 44565.3
239: 44569.8
240: 44966.7
241: 44791.7
242: 44565.3
243: 44436.2
244: 44390.3
245: 44884.6
246: 44301.7
247: 44615.7
248: 44520.4
249: 44565.3
250: 44346.2
251: 44480.7
252: 44481.2
253: 44660.2
254: 44615.7
255: 44565.3
256: 44520.4
257: 44436.2
258: 44480.7
259: 44615.7
260: 44615.7
261: 44301.7
262: 44804.1
263: 44301.7
264: 44665.1
265: 44660.6
266: 44615.7
267: 44620.2
268: 44485.6
269: 44655.2
270: 44660.2
271: 44704.3
272: 44615.7
273: 44524.8
274: 44704.3
275: 44530.1
276: 44524.8
277: 44436.2
278: 44301.7
279: 44481.2
280: 44481.2
281: 44795.2
282: 44708.8
283: 44665.1
284: 44385.8
285: 44569.8
286: 44569.8
287: 44569.8
288: 44615.7
289: 44480.7
290: 44390.3
291: 44436.2
292: 44524.8
293: 44525.7
294: 44301.7
295: 44480.7
296: 44346.2
297: 44301.7
298: 44480.7
299: 44847.8
300: 44520.4
301: 44385.8
302: 44390.3
303: 44708.8
304: 44799.6
305: 44481.2
306: 44481.2
307: 44569.8
308: 44525.7
309: 44634.4
310: 44436.2
311: 44385.8
312: 44569.8
313: 44390.3
314: 44660.2
315: 44436.2
316: 44436.2
317: 44704.3
318: 44615.7
319: 44301.7
320: 44301.7
321: 44481.2
322: 44660.6
323: 44704.3
324: 44524.8
325: 44525.7
326: 44301.7
327: 44565.3
328: 44485.6
329: 44301.7
330: 44699.9
331: 44436.2
332: 44481.2
333: 44569.8
334: 44930
335: 44385.8
336: 44390.3
337: 44481.2
338: 44525.7
339: 44481.2
340: 44390.3
341: 44301.7
342: 44615.7
343: 44481.2
344: 44713.2
345: 44565.3
346: 44742.3
347: 44390.3
348: 44524.8
349: 44385.8
350: 44520.4
351: 44481.2
352: 44480.7
353: 44480.7
354: 44660.6
355: 44804.1
356: 44799.6
357: 44385.8
358: 44485.6
359: 44615.7
360: 44390.3
361: 44485.6
362: 44436.2
363: 44620.2
364: 44385.8
365: 44301.7
366: 44565.3
367: 44390.3
368: 44659.4
369: 44787.2
370: 44664.7
371: 44520.4
372: 44301.7
373: 44481.2
374: 44390.3
375: 44704.3
376: 44385.8
377: 44665.1
378: 44301.7
379: 44565.3
380: 44565.3
381: 44346.2
382: 44565.3
383: 44704.3
384: 44569.8
385: 44346.2
386: 44301.7
387: 44390.3
388: 44390.3
389: 44525.7
390: 44700.7
391: 44520.4
392: 44574.2
393: 44574.2
394: 44699.9
395: 44569.8
396: 44620.2
397: 44390.3
398: 44385.8
399: 44385.8
400: 44481.2
