0 + 725.672 = 725.672
725.672 + 61.8466 = 787.519
787.519 + 230.17 = 1017.69
1017.69 + 315.087 = 1332.78
1332.78 + 256.603 = 1589.38
1589.38 + 148.165 = 1737.54
1737.54 + 235.053 = 1972.6
1972.6 + 208.339 = 2180.94
2180.94 + 256.041 = 2436.98
2436.98 + 161.152 = 2598.13
2598.13 + 129.356 = 2727.48
2727.48 + 94.1541 = 2821.64
2821.64 + 145.231 = 2966.87
2966.87 + 182.8 = 3149.67
3149.67 + 189.615 = 3339.29
3339.29 + 38.0526 = 3377.34
3377.34 + 199.529 = 3576.87
3576.87 + 138.654 = 3715.52
3715.52 + 35.9026 = 3751.42
3751.42 + 196.825 = 3948.25
3948.25 + 138.134 = 4086.38
4086.38 + 55 = 4141.38
4141.38 + 34.6699 = 4176.05
4176.05 + 35.0571 = 4211.11
4211.11 + 69.9714 = 4281.08
4281.08 + 66 = 4347.08
4347.08 + 68.0074 = 4415.09
4415.09 + 135.558 = 4550.65
4550.65 + 56.648 = 4607.3
4607.3 + 65.8027 = 4673.1
4673.1 + 136.077 = 4809.18
4809.18 + 40.025 = 4849.2
4849.2 + 138.062 = 4987.26
4987.26 + 166.09 = 5153.35
5153.35 + 81.4002 = 5234.75
5234.75 + 87.6641 = 5322.42
5322.42 + 49.679 = 5372.1
5372.1 + 175.385 = 5547.48
5547.48 + 110.603 = 5658.08
5658.08 + 109.659 = 5767.74
5767.74 + 168.19 = 5935.93
5935.93 + 68.1542 = 6004.09
6004.09 + 64.1249 = 6068.21
6068.21 + 104.752 = 6172.96
6172.96 + 99.0454 = 6272.01
6272.01 + 180.136 = 6452.15
6452.15 + 106.888 = 6559.03
6559.03 + 125.399 = 6684.43
6684.43 + 64.0703 = 6748.5
6748.5 + 146.277 = 6894.78
6894.78 + 44.4185 = 6939.2
6939.2 + 214.283 = 7153.48
7153.48 + 73.4098 = 7226.89
7226.89 + 184.201 = 7411.09
7411.09 + 39.6232 = 7450.71
7450.71 + 85.0529 = 7535.77
7535.77 + 54.3783 = 7590.15
7590.15 + 78.0256 = 7668.17
7668.17 + 88.7525 = 7756.92
7756.92 + 128.16 = 7885.08
7885.08 + 113.265 = 7998.35
7998.35 + 48.3735 = 8046.72
8046.72 + 72.7186 = 8119.44
8119.44 + 61.0082 = 8180.45
8180.45 + 93.0054 = 8273.46
8273.46 + 271.737 = 8545.19
8545.19 + 133.795 = 8678.99
8678.99 + 55.9732 = 8734.96
8734.96 + 208.557 = 8943.52
8943.52 + 91.8368 = 9035.35
9035.35 + 254.018 = 9289.37
9289.37 + 282.661 = 9572.03
9572.03 + 222.91 = 9794.94
9794.94 + 191.23 = 9986.17
9986.17 + 91.2414 = 10077.4
10077.4 + 125.399 = 10202.8
10202.8 + 118.663 = 10321.5
10321.5 + 118.68 = 10440.2
10440.2 + 157.003 = 10597.2
10597.2 + 54.0833 = 10651.2
10651.2 + 104.561 = 10755.8
10755.8 + 145.221 = 10901
10901 + 154.305 = 11055.3
11055.3 + 125.925 = 11181.3
11181.3 + 223.087 = 11404.3
11404.3 + 145.726 = 11550.1
11550.1 + 103.354 = 11653.4
11653.4 + 226.515 = 11879.9
11879.9 + 152.161 = 12032.1
12032.1 + 27.313 = 12059.4
12059.4 + 58.8558 = 12118.3
12118.3 + 25.2389 = 12143.5
12143.5 + 50.9313 = 12194.4
12194.4 + 65.3758 = 12259.8
12259.8 + 62.6498 = 12322.5
12322.5 + 80.0062 = 12402.5
12402.5 + 92.6121 = 12495.1
12495.1 + 91.0824 = 12586.2
12586.2 + 103.354 = 12689.5
12689.5 + 229.456 = 12919
12919 + 72.9178 = 12991.9
12991.9 + 344.611 = 13336.5
13336.5 + 391.065 = 13727.6
13727.6 + 307.787 = 14035.4
14035.4 + 181.019 = 14216.4
14216.4 + 450.96 = 14667.3
14667.3 + 82.28 = 14749.6
14749.6 + 190.874 = 14940.5
14940.5 + 306.57 = 15247.1
15247.1 + 197.909 = 15445
15445 + 54.0833 = 15499
15499 + 27.4591 = 15526.5
15526.5 + 74.5185 = 15601
15601 + 217.221 = 15818.2
15818.2 + 78.0064 = 15896.3
15896.3 + 124.724 = 16021
16021 + 117.953 = 16138.9
16138.9 + 221.531 = 16360.5
16360.5 + 210.381 = 16570.8
16570.8 + 216.836 = 16787.7
16787.7 + 284.311 = 17072
17072 + 155.322 = 17227.3
17227.3 + 71.4493 = 17298.8
17298.8 + 229.856 = 17528.6
17528.6 + 221.045 = 17749.7
17749.7 + 154.467 = 17904.1
17904.1 + 3.16228 = 17907.3
17907.3 + 125.32 = 18032.6
18032.6 + 140.175 = 18172.8
18172.8 + 109.073 = 18281.9
18281.9 + 138.924 = 18420.8
18420.8 + 124.338 = 18545.1
18545.1 + 169.712 = 18714.8
18714.8 + 96.566 = 18811.4
18811.4 + 154.434 = 18965.8
18965.8 + 91.022 = 19056.9
19056.9 + 114.856 = 19171.7
19171.7 + 200.212 = 19371.9
19371.9 + 100.21 = 19472.1
19472.1 + 86.6487 = 19558.8
19558.8 + 139.864 = 19698.6
19698.6 + 175.855 = 19874.5
19874.5 + 148.678 = 20023.2
20023.2 + 37.4833 = 20060.7
20060.7 + 150.814 = 20211.5
20211.5 + 99.6393 = 20311.1
20311.1 + 81.0432 = 20392.2
20392.2 + 97.6524 = 20489.8
20489.8 + 202.529 = 20692.3
20692.3 + 258.94 = 20951.3
20951.3 + 244.724 = 21196
21196 + 151.819 = 21347.8
21347.8 + 85.5862 = 21433.4
21433.4 + 383.301 = 21816.7
21816.7 + 48.2701 = 21865
21865 + 102.069 = 21967.1
21967.1 + 208.406 = 22175.5
22175.5 + 194.859 = 22370.3
22370.3 + 139.313 = 22509.6
22509.6 + 177.406 = 22687
22687 + 129.402 = 22816.4
22816.4 + 753.011 = 23569.5
23569.5 + 344.471 = 23913.9
23913.9 + 739.327 = 24653.2
24653.2 + 273.364 = 24926.6
24926.6 + 157.28 = 25083.9
25083.9 + 291.88 = 25375.8
25375.8 + 192.042 = 25567.8
25567.8 + 230.532 = 25798.3
25798.3 + 244.724 = 26043.1
26043.1 + 184.621 = 26227.7
26227.7 + 166.355 = 26394
26394 + 401.151 = 26795.2
26795.2 + 10.7703 = 26806
26806 + 328.877 = 27134.8
27134.8 + 142.172 = 27277
27277 + 427.576 = 27704.6
27704.6 + 227.923 = 27932.5
27932.5 + 397.498 = 28330
28330 + 454.189 = 28784.2
28784.2 + 299.446 = 29083.7
29083.7 + 300.887 = 29384.5
29384.5 + 892.726 = 30277.3
30277.3 + 560.823 = 30838.1
30838.1 + 226.153 = 31064.2
31064.2 + 302 = 31366.2
31366.2 + 448.206 = 31814.4
31814.4 + 96.8814 = 31911.3
31911.3 + 904.169 = 32815.5
32815.5 + 476.666 = 33292.2
33292.2 + 127.906 = 33420.1
33420.1 + 111.647 = 33531.7
33531.7 + 123.045 = 33654.8
33654.8 + 224.722 = 33879.5
33879.5 + 184.329 = 34063.8
34063.8 + 219.057 = 34282.9
34282.9 + 122.037 = 34404.9
34404.9 + 172.702 = 34577.6
34577.6 + 251.734 = 34829.3
34829.3 + 79.6304 = 34909
34909 + 384.083 = 35293.1
35293.1 + 23.2594 = 35316.3
35316.3 + 122.184 = 35438.5
35438.5 + 93.0484 = 35531.5
35531.5 + 117.953 = 35649.5
35649.5 + 235.476 = 35885
35885 + 311.448 = 36196.4
36196.4 + 248.556 = 36445
36445 + 395.41 = 36840.4
36840.4 + 208.396 = 37048.8
37048.8 + 345.071 = 37393.9
37393.9 + 460.136 = 37854
37854 + 85.703 = 37939.7
37939.7 + 140.218 = 38079.9
38079.9 + 212.953 = 38292.9
38292.9 + 153.844 = 38446.7
38446.7 + 24.7386 = 38471.4
38471.4 + 71.1969 = 38542.6
38542.6 + 33.2866 = 38575.9
38575.9 + 11.1803 = 38587.1
38587.1 + 25 = 38612.1
38612.1 + 170.575 = 38782.7
38782.7 + 54.6443 = 38837.3
38837.3 + 325.346 = 39162.7
39162.7 + 126.21 = 39288.9
39288.9 + 215.968 = 39504.9
39504.9 + 294.763 = 39799.6
39799.6 + 85 = 39884.6
39884.6 + 177.505 = 40062.1
40062.1 + 105.622 = 40167.7
40167.7 + 131.244 = 40299
40299 + 30.0167 = 40329
40329 + 44.2719 = 40373.3
40373.3 + 17.72 = 40391
40391 + 20.3961 = 40411.4
40411.4 + 31.1448 = 40442.5
40442.5 + 50.5668 = 40493.1
40493.1 + 69.0652 = 40562.2
40562.2 + 121.631 = 40683.8
40683.8 + 93.3809 = 40777.2
40777.2 + 30.8058 = 40808
40808 + 171.304 = 40979.3
40979.3 + 114.057 = 41093.3
41093.3 + 294.717 = 41388.1
41388.1 + 171.747 = 41559.8
41559.8 + 194.18 = 41754
41754 + 450.774 = 42204.8
42204.8 + 256.135 = 42460.9
42460.9 + 488.415 = 42949.3
42949.3 + 603.066 = 43552.4
43552.4 + 119.57 = 43672
43672 + 576.771 = 44248.7
44248.7 + 333.002 = 44581.7
44581.7 + 152.315 = 44734
44734 + 920.483 = 45654.5
45654.5 + 561.459 = 46216
46216 + 485.309 = 46701.3
46701.3 + 192.2 = 46893.5
46893.5 + 301.081 = 47194.6
47194.6 + 216.52 = 47411.1
47411.1 + 93.0591 = 47504.2
47504.2 + 197.687 = 47701.8
47701.8 + 129.248 = 47831.1
47831.1 + 696.208 = 48527.3
48527.3 + 405.982 = 48933.3
48933.3 + 523.038 = 49456.3
49456.3 + 894.951 = 50351.3
50351.3 + 204.414 = 50555.7
50555.7 + 250.799 = 50806.5
50806.5 + 336.555 = 51143
51143 + 837.792 = 51980.8
51980.8 + 131.795 = 52112.6
52112.6 + 197.752 = 52310.4
52310.4 + 284.253 = 52594.6
52594.6 + 620.492 = 53215.1
53215.1 + 351.027 = 53566.1
53566.1 + 116.078 = 53682.2
53682.2 + 258.074 = 53940.3
53940.3 + 325.154 = 54265.5
54265.5 + 218.197 = 54483.6
54483.6 + 125.228 = 54608.9
54608.9 + 210.706 = 54819.6
54819.6 + 266.31 = 55085.9
55085.9 + 185.521 = 55271.4
55271.4 + 229.687 = 55501.1
55501.1 + 716.398 = 56217.5
56217.5 + 353.272 = 56570.8
56570.8 + 574.089 = 57144.9
57144.9 + 73.3757 = 57218.2
57218.2 + 158.152 = 57376.4
57376.4 + 188.066 = 57564.5
57564.5 + 204.551 = 57769
57769 + 106.005 = 57875
57875 + 261.094 = 58136.1
58136.1 + 69.8928 = 58206
58206 + 30.2655 = 58236.3
58236.3 + 39.3954 = 58275.7
58275.7 + 156.605 = 58432.3
58432.3 + 131.095 = 58563.4
58563.4 + 289.676 = 58853
58853 + 381.105 = 59234.1
59234.1 + 312.41 = 59546.5
59546.5 + 37.855 = 59584.4
59584.4 + 291.908 = 59876.3
59876.3 + 144.031 = 60020.3
60020.3 + 210.623 = 60231
60231 + 292.226 = 60523.2
60523.2 + 152.948 = 60676.1
60676.1 + 405.188 = 61081.3
61081.3 + 410.824 = 61492.1
61492.1 + 306.751 = 61798.9
61798.9 + 312.079 = 62111
62111 + 262.56 = 62373.5
62373.5 + 356.389 = 62729.9
62729.9 + 303.488 = 63033.4
63033.4 + 207.562 = 63241
63241 + 239.426 = 63480.4
63480.4 + 247.649 = 63728.1
63728.1 + 296.468 = 64024.5
64024.5 + 172.534 = 64197.1
64197.1 + 195.898 = 64393
64393 + 156.818 = 64549.8
64549.8 + 247.524 = 64797.3
64797.3 + 164.939 = 64962.2
64962.2 + 115.486 = 65077.7
65077.7 + 20.3961 = 65098.1
65098.1 + 12.0416 = 65110.2
65110.2 + 120.603 = 65230.8
65230.8 + 209.01 = 65439.8
65439.8 + 36.6197 = 65476.4
65476.4 + 211.568 = 65688
65688 + 253.018 = 65941
65941 + 313.249 = 66254.2
66254.2 + 114.337 = 66368.6
66368.6 + 126.657 = 66495.2
66495.2 + 91.9239 = 66587.1
66587.1 + 89.0674 = 66676.2
66676.2 + 141.662 = 66817.9
66817.9 + 63.7809 = 66881.7
66881.7 + 26.4008 = 66908.1
66908.1 + 187.321 = 67095.4
67095.4 + 24.5967 = 67120
67120 + 77.4919 = 67197.5
67197.5 + 237.065 = 67434.5
67434.5 + 64.0078 = 67498.5
67498.5 + 205.679 = 67704.2
67704.2 + 281.604 = 67985.8
67985.8 + 93.086 = 68078.9
68078.9 + 234.361 = 68313.3
68313.3 + 264.343 = 68577.6
68577.6 + 238.657 = 68816.3
68816.3 + 75.8222 = 68892.1
68892.1 + 205.353 = 69097.4
69097.4 + 202.869 = 69300.3
69300.3 + 84.4038 = 69384.7
69384.7 + 246.1 = 69630.8
69630.8 + 81.3941 = 69712.2
69712.2 + 203.961 = 69916.2
69916.2 + 91.7878 = 70008
70008 + 123.11 = 70131.1
70131.1 + 128.973 = 70260
70260 + 172.595 = 70432.6
70432.6 + 111.234 = 70543.9
70543.9 + 242.706 = 70786.6
70786.6 + 187.555 = 70974.1
70974.1 + 109.225 = 71083.4
71083.4 + 95.2943 = 71178.6
71178.6 + 75.71 = 71254.4
71254.4 + 41.2311 = 71295.6
71295.6 + 46.0652 = 71341.7
71341.7 + 90.802 = 71432.5
71432.5 + 105.437 = 71537.9
71537.9 + 200.96 = 71738.9
71738.9 + 66.1891 = 71805
71805 + 51.4782 = 71856.5
71856.5 + 96.2601 = 71952.8
71952.8 + 200.489 = 72153.3
72153.3 + 108.812 = 72262.1
72262.1 + 327.391 = 72589.5
72589.5 + 32.8938 = 72622.4
72622.4 + 168.751 = 72791.1
72791.1 + 381.703 = 73172.8
73172.8 + 200.392 = 73373.2
73373.2 + 265.217 = 73638.4
73638.4 + 396.608 = 74035
74035 + 263.873 = 74298.9
74298.9 + 277.137 = 74576
74576 + 144.222 = 74720.3
74720.3 + 139.316 = 74859.6
74859.6 + 147.489 = 75007.1
75007.1 + 105.683 = 75112.8
75112.8 + 97.8008 = 75210.6
75210.6 + 145.609 = 75356.2
75356.2 + 101.966 = 75458.1
75458.1 + 94.255 = 75552.4
75552.4 + 89.4707 = 75641.9
75641.9 + 135.484 = 75777.3
75777.3 + 203.494 = 75980.8
75980.8 + 118.697 = 76099.5
76099.5 + 64.5368 = 76164.1
76164.1 + 162.015 = 76326.1
76326.1 + 206.323 = 76532.4
76532.4 + 150.921 = 76683.3
76683.3 + 145.774 = 76829.1
76829.1 + 146.509 = 76975.6
76975.6 + 175.285 = 77150.9
77150.9 + 172.812 = 77323.7
77323.7 + 125.603 = 77449.3
77449.3 + 161.608 = 77610.9
77610.9 + 67.2681 = 77678.2
77678.2 + 221.741 = 77899.9
77899.9 + 73.4098 = 77973.3
77973.3 + 128.39 = 78101.7
78101.7 + 69.1809 = 78170.9
78170.9 + 142.021 = 78312.9
78312.9 + 142.622 = 78455.6
78455.6 + 59.1354 = 78514.7
78514.7 + 110.005 = 78624.7
78624.7 + 59.1692 = 78683.9
78683.9 + 53.0377 = 78736.9
78736.9 + 46.0977 = 78783
78783 + 81.8841 = 78864.9
78864.9 + 62.0081 = 78926.9
78926.9 + 74.4648 = 79001.4
79001.4 + 116.812 = 79118.2
79118.2 + 64.3273 = 79182.5
79182.5 + 114.18 = 79296.7
79296.7 + 136.367 = 79433
79433 + 104.561 = 79537.6
79537.6 + 76.6877 = 79614.3
79614.3 + 97.9439 = 79712.2
79712.2 + 133.454 = 79845.7
79845.7 + 121.264 = 79967
79967 + 38.3275 = 80005.3
80005.3 + 34.4093 = 80039.7
80039.7 + 97.17 = 80136.9
80136.9 + 124.403 = 80261.3
80261.3 + 148.007 = 80409.3
80409.3 + 209.755 = 80619
80619 + 107.912 = 80726.9
80726.9 + 162.816 = 80889.7
80889.7 + 170.942 = 81060.7
81060.7 + 87.9318 = 81148.6
81148.6 + 66.0303 = 81214.7
81214.7 + 60.3075 = 81275
81275 + 114.202 = 81389.2
81389.2 + 94.3398 = 81483.5
81483.5 + 94.9368 = 81578.4
81578.4 + 39.4588 = 81617.9
81617.9 + 137.481 = 81755.4
81755.4 + 68.884 = 81824.3
81824.3 + 37.054 = 81861.3
81861.3 + 74.2428 = 81935.6
81935.6 + 74.0608 = 82009.6
82009.6 + 172.887 = 82182.5
82182.5 + 168.36 = 82350.9
82350.9 + 94.7048 = 82445.6
82445.6 + 74.9533 = 82520.5
82520.5 + 174.471 = 82695
82695 + 144.586 = 82839.6
82839.6 + 110.494 = 82950.1
82950.1 + 141.778 = 83091.9
83091.9 + 65.7951 = 83157.6
83157.6 + 72.6911 = 83230.3
83230.3 + 94.8947 = 83325.2
83325.2 + 68.2642 = 83393.5
83393.5 + 105.575 = 83499.1
83499.1 + 122.332 = 83621.4
83621.4 + 98.27 = 83719.7
83719.7 + 97.6524 = 83817.3
83817.3 + 35.1283 = 83852.5
83852.5 + 63.1981 = 83915.7
83915.7 + 25.1794 = 83940.8
83940.8 + 64.8845 = 84005.7
84005.7 + 12.2066 = 84017.9
84017.9 + 24.2074 = 84042.1
84042.1 + 21.9317 = 84064.1
84064.1 + 70.7248 = 84134.8
84134.8 + 85.0941 = 84219.9
84219.9 + 122.025 = 84341.9
84341.9 + 295.63 = 84637.5
84637.5 + 16.4924 = 84654
84654 + 188.862 = 84842.9
84842.9 + 70.8308 = 84913.7
84913.7 + 43.4166 = 84957.1
84957.1 + 5.38516 = 84962.5
84962.5 + 85.9884 = 85048.5
85048.5 + 81.3941 = 85129.9
85129.9 + 59.0931 = 85189
85189 + 36.7967 = 85225.8
85225.8 + 56.3205 = 85282.1
85282.1 + 49.98 = 85332.1
85332.1 + 80.3617 = 85412.5
85412.5 + 95.8801 = 85508.3
85508.3 + 156.78 = 85665.1
85665.1 + 55.0818 = 85720.2
85720.2 + 94.578 = 85814.8
85814.8 + 53.1507 = 85867.9
85867.9 + 62.5859 = 85930.5
85930.5 + 168.648 = 86099.2
86099.2 + 149.215 = 86248.4
86248.4 + 111.571 = 86359.9
86359.9 + 157.115 = 86517.1
86517.1 + 167.872 = 86684.9
86684.9 + 73.2462 = 86758.2
86758.2 + 52 = 86810.2
86810.2 + 39.0512 = 86849.2
86849.2 + 33.4215 = 86882.7
86882.7 + 62.426 = 86945.1
86945.1 + 87.6185 = 87032.7
87032.7 + 63.9531 = 87096.7
87096.7 + 44.2945 = 87140.9
87140.9 + 36.8782 = 87177.8
87177.8 + 94.3398 = 87272.2
87272.2 + 46.0435 = 87318.2
87318.2 + 98.6712 = 87416.9
87416.9 + 167.2 = 87584.1
87584.1 + 52.2015 = 87636.3
87636.3 + 135.882 = 87772.2
87772.2 + 131.643 = 87903.8
87903.8 + 75.591 = 87979.4
87979.4 + 132.412 = 88111.8
88111.8 + 61.6198 = 88173.4
88173.4 + 101.533 = 88275
88275 + 49.4975 = 88324.5
88324.5 + 85.4927 = 88410
88410 + 61.5224 = 88471.5
88471.5 + 9.48683 = 88481
88481 + 74.2496 = 88555.2
88555.2 + 79.3095 = 88634.5
88634.5 + 239.176 = 88873.7
