1: 124270
2: 100853
3: 87263.1
4: 84294.8
5: 72701.2
6: 79226.3
7: 74040
8: 72912.3
9: 69001.1
10: 65146.1
11: 69799.3
12: 64613.5
13: 68233.6
14: 64113.3
15: 63920
16: 72404.4
17: 79183.8
18: 65851.4
19: 69823.9
20: 72158
21: 70512.9
22: 68105.9
23: 65859.6
24: 59830.3
25: 58986.2
26: 58118.5
27: 59894.4
28: 59934.7
29: 64534.8
30: 60215.8
31: 54905.6
32: 58962.5
33: 63622.5
34: 56684.1
35: 56875.8
36: 54305.6
37: 56509.2
38: 55576.9
39: 57932.8
40: 56584.6
41: 55444.6
42: 60433
43: 54322.6
44: 58036
45: 54626.6
46: 53795.4
47: 55182.3
48: 54401.4
49: 55093.2
50: 54706
51: 55679.4
52: 53561.1
53: 54728
54: 54371.8
55: 53806.1
56: 54337.6
57: 54410.7
58: 54307.6
59: 53100.2
60: 53124.7
61: 53665.5
62: 56732.9
63: 53688.9
64: 52938.5
65: 53620.3
66: 54730.7
67: 52911.3
68: 54306.7
69: 52986
