1: 45438.7
2: 44205.5
3: 32773.5
4: 37101.2
5: 38345.7
6: 29457.9
7: 33614.9
8: 30935.8
9: 32836
10: 27960.6
11: 33647.7
12: 29804.9
13: 27342.1
14: 25426.4
15: 27661.2
16: 25018.8
17: 25887.8
18: 25731.6
19: 25315.7
20: 25614.3
21: 23447.4
22: 24551.9
23: 24708.1
24: 25463.1
25: 24582.8
26: 23927.3
27: 24089.6
28: 23207.4
29: 23794.6
30: 24214.3
31: 24020.4
32: 23627.6
33: 23443.7
34: 24576.7
35: 23432.8
36: 23956.9
37: 23575.8
38: 23714.3
39: 23019.6
40: 23127.4
41: 23929.7
42: 23972
43: 23237.6
44: 22699.7
45: 23147.4
46: 23210.5
47: 23026.9
48: 23286.8
49: 22864.5
50: 22830.1
51: 22665.6
52: 22379.1
53: 23704.5
54: 22803.6
55: 22851.5
56: 23647.3
57: 22680
58: 22662.6
59: 22904.9
60: 23108.7
61: 22997
62: 23313.8
63: 23348.9
64: 23305.3
65: 22649.4
66: 23045.1
67: 23456.4
68: 22415.9
69: 22643
70: 23119.2
71: 22557.1
72: 23154.7
73: 22830.8
74: 22590.5
75: 22454
76: 22516.6
77: 23110.7
78: 22571.1
79: 22277.7
80: 22612.5
81: 22576.2
82: 22289.9
83: 22685.6
84: 22955.5
85: 22749
86: 22525.1
87: 22835.9
88: 22734.4
89: 22721.3
90: 22454.1
91: 22328.6
92: 23125.6
93: 23273.5
94: 22983.8
95: 22575.5
96: 22947.3
97: 22948.7
98: 22647.6
99: 22821.3
100: 22647.6
