44814
39576
38918
38200.3
31380.9
33865.7
28433.3
26200.4
31764
26143.4
25758.9
30754
30310.3
25599.2
27782.8
25959.9
23786.4
27056.6
26021.1
26372
26269.1
24453.6
24385.2
26155.6
24047.7
24982
24905.8
27487.6
26047.9
24460.3
23969.5
22616.3
23741.1
23233.6
23588.4
23859.6
23085.8
23312.4
22487.8
22847.8
23269.8
23567.2
23478.9
23660.1
23694.4
23487.9
23458.9
23303.8
22587.3
23385.2
23154.2
22980.4
23473
23077.4
23999.9
23164.5
23142.4
23117.5
23087.3
22405.9
23374.1
22945.8
23196.2
22414.6
23657.6
23118.6
23147.7
22874.7
23066.1
23349.1
22271.5
23075.3
23202.1
22591.6
22573.4
23341.4
23054.6
22892.9
22712.5
22614.2
22875.8
23317.9
23408.8
22580.5
22786.5
22739.5
22790.9
22778.2
22790.6
23353.8
22337.3
22755.7
23063.3
23369.9
23352.9
23365.9
23416.5
23243
22608.4
23069.3
